<?xml version="1.0" encoding="UTF-8"?>
<!-- Generated by org.testng.reporters.JUnitReportReporter -->
<testsuite hostname="LTIN606263" failures="0" tests="10" name="com.urban.testrunner.TestRunner" time="365.425" errors="0" timestamp="2025-07-17T14:01:41 IST" skipped="0">
  <testcase classname="com.urban.testrunner.TestRunner" name="runScenario" time="45.965"/>
  <testcase classname="com.urban.testrunner.TestRunner" name="runScenario" time="22.660"/>
  <testcase classname="com.urban.testrunner.TestRunner" name="runScenario" time="31.238"/>
  <testcase classname="com.urban.testrunner.TestRunner" name="runScenario" time="29.340"/>
  <testcase classname="com.urban.testrunner.TestRunner" name="runScenario" time="42.725"/>
  <testcase classname="com.urban.testrunner.TestRunner" name="runScenario" time="30.899"/>
  <testcase classname="com.urban.testrunner.TestRunner" name="runScenario" time="19.900"/>
  <testcase classname="com.urban.testrunner.TestRunner" name="runScenario" time="56.849"/>
  <testcase classname="com.urban.testrunner.TestRunner" name="runScenario" time="59.521"/>
  <testcase classname="com.urban.testrunner.TestRunner" name="runScenario" time="26.328"/>
</testsuite> <!-- com.urban.testrunner.TestRunner -->
